2019-01-16 16:33:22,003 - BrowserEngine - INFO - You had select Chrome browser.
2019-01-16 16:33:22,004 - BrowserEngine - INFO - The test server url is: https://www.baidu.com
2019-01-16 16:33:24,252 - BrowserEngine - INFO - Starting Chrome browser.
2019-01-16 16:33:27,494 - BrowserEngine - INFO - Open url: https://www.baidu.com
2019-01-16 16:33:27,495 - BrowserEngine - INFO - Set implicitly wait 10 seconds.
2019-01-16 16:33:27,527 - BasePage - INFO - Had find the element '  ' successful by id via value: kw 
2019-01-16 16:33:27,709 - BasePage - INFO - Had type ' python ' in inputBox
2019-01-16 16:33:27,752 - BasePage - INFO - Had find the element '  ' successful by xpath via value: //*[@id='su'] 
2019-01-16 16:33:27,852 - BasePage - INFO - The element '  ' was clicked.
2019-01-16 16:33:30,375 - BasePage - INFO - Had take screenshot and save to folder : /screenshots
2019-01-16 16:33:30,379 - BasePage - INFO - Current page title is python_百度搜索
2019-01-16 16:33:30,497 - BrowserEngine - INFO - You had select Chrome browser.
2019-01-16 16:33:30,498 - BrowserEngine - INFO - The test server url is: https://www.baidu.com
2019-01-16 16:33:32,671 - BrowserEngine - INFO - Starting Chrome browser.
2019-01-16 16:33:36,805 - BrowserEngine - INFO - Open url: https://www.baidu.com
2019-01-16 16:33:36,806 - BrowserEngine - INFO - Set implicitly wait 10 seconds.
2019-01-16 16:33:36,838 - BasePage - INFO - Had find the element '  ' successful by id via value: kw 
2019-01-16 16:33:37,028 - BasePage - INFO - Had type ' python ' in inputBox
2019-01-16 16:33:37,075 - BasePage - INFO - Had find the element '  ' successful by xpath via value: //*[@id='su'] 
2019-01-16 16:33:37,181 - BasePage - INFO - The element '  ' was clicked.
2019-01-16 16:33:39,561 - BasePage - INFO - Had take screenshot and save to folder : /screenshots
2019-01-16 16:33:39,566 - BasePage - INFO - Current page title is 百度一下，你就知道
2019-01-16 16:33:39,664 - BrowserEngine - INFO - You had select Chrome browser.
2019-01-16 16:33:39,664 - BrowserEngine - INFO - The test server url is: https://www.baidu.com
2019-01-16 16:33:41,907 - BrowserEngine - INFO - Starting Chrome browser.
2019-01-16 16:33:45,159 - BrowserEngine - INFO - Open url: https://www.baidu.com
2019-01-16 16:33:45,161 - BrowserEngine - INFO - Set implicitly wait 10 seconds.
2019-01-16 16:33:45,166 - BasePage - INFO - Current page title is 百度一下，你就知道
2019-01-16 16:33:45,261 - BrowserEngine - INFO - You had select Chrome browser.
2019-01-16 16:33:45,262 - BrowserEngine - INFO - The test server url is: https://www.baidu.com
2019-01-16 16:33:47,435 - BrowserEngine - INFO - Starting Chrome browser.
2019-01-16 16:33:50,451 - BrowserEngine - INFO - Open url: https://www.baidu.com
2019-01-16 16:33:50,452 - BrowserEngine - INFO - Set implicitly wait 10 seconds.
2019-01-16 16:34:19,688 - BasePage - INFO - Had take screenshot and save to folder : /screenshots
