2019-01-16 16:37:20,251 - BrowserEngine - INFO - You had select Chrome browser.
2019-01-16 16:37:20,251 - BrowserEngine - INFO - The test server url is: https://www.baidu.com
2019-01-16 16:37:22,529 - BrowserEngine - INFO - Starting Chrome browser.
2019-01-16 16:37:25,439 - BrowserEngine - INFO - Open url: https://www.baidu.com
2019-01-16 16:37:25,440 - BrowserEngine - INFO - Set implicitly wait 10 seconds.
2019-01-16 16:37:25,474 - BasePage - INFO - Had find the element '  ' successful by id via value: kw 
2019-01-16 16:37:25,669 - BasePage - INFO - Had type ' python ' in inputBox
2019-01-16 16:37:25,699 - BasePage - INFO - Had find the element '  ' successful by xpath via value: //*[@id='su'] 
2019-01-16 16:37:25,792 - BasePage - INFO - The element '  ' was clicked.
2019-01-16 16:37:28,245 - BasePage - INFO - Had take screenshot and save to folder : /screenshots
2019-01-16 16:37:28,249 - BasePage - INFO - Current page title is python_百度搜索
2019-01-16 16:37:28,359 - BrowserEngine - INFO - You had select Chrome browser.
2019-01-16 16:37:28,359 - BrowserEngine - INFO - The test server url is: https://www.baidu.com
2019-01-16 16:37:30,728 - BrowserEngine - INFO - Starting Chrome browser.
2019-01-16 16:37:33,859 - BrowserEngine - INFO - Open url: https://www.baidu.com
2019-01-16 16:37:33,860 - BrowserEngine - INFO - Set implicitly wait 10 seconds.
2019-01-16 16:37:33,894 - BasePage - INFO - Had find the element '  ' successful by id via value: kw 
2019-01-16 16:37:34,093 - BasePage - INFO - Had type ' python ' in inputBox
2019-01-16 16:37:34,141 - BasePage - INFO - Had find the element '  ' successful by xpath via value: //*[@id='su'] 
2019-01-16 16:37:34,262 - BasePage - INFO - The element '  ' was clicked.
2019-01-16 16:37:36,713 - BasePage - INFO - Had take screenshot and save to folder : /screenshots
2019-01-16 16:37:36,718 - BasePage - INFO - Current page title is python_百度搜索
2019-01-16 16:37:36,846 - BrowserEngine - INFO - You had select Chrome browser.
2019-01-16 16:37:36,847 - BrowserEngine - INFO - The test server url is: https://www.baidu.com
2019-01-16 16:37:39,004 - BrowserEngine - INFO - Starting Chrome browser.
2019-01-16 16:37:41,496 - BrowserEngine - INFO - Open url: https://www.baidu.com
2019-01-16 16:37:41,497 - BrowserEngine - INFO - Set implicitly wait 10 seconds.
2019-01-16 16:37:41,502 - BasePage - INFO - Current page title is 百度一下，你就知道
2019-01-16 16:37:41,596 - BrowserEngine - INFO - You had select Chrome browser.
2019-01-16 16:37:41,597 - BrowserEngine - INFO - The test server url is: https://www.baidu.com
2019-01-16 16:37:43,733 - BrowserEngine - INFO - Starting Chrome browser.
2019-01-16 16:37:46,372 - BrowserEngine - INFO - Open url: https://www.baidu.com
2019-01-16 16:37:46,373 - BrowserEngine - INFO - Set implicitly wait 10 seconds.
2019-01-16 16:38:02,154 - BasePage - INFO - Had take screenshot and save to folder : /screenshots
